[2017-06-02 07:35:36] local.ERROR: exception 'InvalidArgumentException' with message 'View [welcome] not found.' in /home/cp385120/public_html/bestplantvn.com/vendor/laravel/framework/src/Illuminate/View/FileViewFinder.php:137
Stack trace:
#0 /home/cp385120/public_html/bestplantvn.com/vendor/laravel/framework/src/Illuminate/View/FileViewFinder.php(79): Illuminate\View\FileViewFinder->findInPaths('welcome', Array)
#1 /home/cp385120/public_html/bestplantvn.com/vendor/laravel/framework/src/Illuminate/View/Factory.php(129): Illuminate\View\FileViewFinder->find('welcome')
#2 /home/cp385120/public_html/bestplantvn.com/vendor/laravel/framework/src/Illuminate/Foundation/helpers.php(921): Illuminate\View\Factory->make('welcome', Array, Array)
#3 /home/cp385120/public_html/bestplantvn.com/routes/web.php(15): view('welcome')
#4 /home/cp385120/public_html/bestplantvn.com/vendor/laravel/framework/src/Illuminate/Routing/Route.php(190): Illuminate\Routing\Router->{closure}()
#5 /home/cp385120/public_html/bestplantvn.com/vendor/laravel/framework/src/Illuminate/Routing/Route.php(163): Illuminate\Routing\Route->runCallable()
#6 /home/cp385120/public_html/bestplantvn.com/vendor/laravel/framework/src/Illuminate/Routing/Router.php(559): Illuminate\Routing\Route->run()
#7 /home/cp385120/public_html/bestplantvn.com/vendor/laravel/framework/src/Illuminate/Routing/Pipeline.php(30): Illuminate\Routing\Router->Illuminate\Routing\{closure}(Object(Illuminate\Http\Request))
#8 /home/cp385120/public_html/bestplantvn.com/vendor/laravel/framework/src/Illuminate/Routing/Middleware/SubstituteBindings.php(41): Illuminate\Routing\Pipeline->Illuminate\Routing\{closure}(Object(Illuminate\Http\Request))
#9 /home/cp385120/public_html/bestplantvn.com/vendor/laravel/framework/src/Illuminate/Pipeline/Pipeline.php(148): Illuminate\Routing\Middleware\SubstituteBindings->handle(Object(Illuminate\Http\Request), Object(Closure))
#10 /home/cp385120/public_html/bestplantvn.com/vendor/laravel/framework/src/Illuminate/Routing/Pipeline.php(53): Illuminate\Pipeline\Pipeline->Illuminate\Pipeline\{closure}(Object(Illuminate\Http\Request))
#11 /home/cp385120/public_html/bestplantvn.com/vendor/laravel/framework/src/Illuminate/Foundation/Http/Middleware/VerifyCsrfToken.php(65): Illuminate\Routing\Pipeline->Illuminate\Routing\{closure}(Object(Illuminate\Http\Request))
#12 /home/cp385120/public_html/bestplantvn.com/vendor/laravel/framework/src/Illuminate/Pipeline/Pipeline.php(148): Illuminate\Foundation\Http\Middleware\VerifyCsrfToken->handle(Object(Illuminate\Http\Request), Object(Closure))
#13 /home/cp385120/public_html/bestplantvn.com/vendor/laravel/framework/src/Illuminate/Routing/Pipeline.php(53): Illuminate\Pipeline\Pipeline->Illuminate\Pipeline\{closure}(Object(Illuminate\Http\Request))
#14 /home/cp385120/public_html/bestplantvn.com/vendor/laravel/framework/src/Illuminate/View/Middleware/ShareErrorsFromSession.php(49): Illuminate\Routing\Pipeline->Illuminate\Routing\{closure}(Object(Illuminate\Http\Request))
#15 /home/cp385120/public_html/bestplantvn.com/vendor/laravel/framework/src/Illuminate/Pipeline/Pipeline.php(148): Illuminate\View\Middleware\ShareErrorsFromSession->handle(Object(Illuminate\Http\Request), Object(Closure))
#16 /home/cp385120/public_html/bestplantvn.com/vendor/laravel/framework/src/Illuminate/Routing/Pipeline.php(53): Illuminate\Pipeline\Pipeline->Illuminate\Pipeline\{closure}(Object(Illuminate\Http\Request))
#17 /home/cp385120/public_html/bestplantvn.com/vendor/laravel/framework/src/Illuminate/Session/Middleware/StartSession.php(64): Illuminate\Routing\Pipeline->Illuminate\Routing\{closure}(Object(Illuminate\Http\Request))
#18 /home/cp385120/public_html/bestplantvn.com/vendor/laravel/framework/src/Illuminate/Pipeline/Pipeline.php(148): Illuminate\Session\Middleware\StartSession->handle(Object(Illuminate\Http\Request), Object(Closure))
#19 /home/cp385120/public_html/bestplantvn.com/vendor/laravel/framework/src/Illuminate/Routing/Pipeline.php(53): Illuminate\Pipeline\Pipeline->Illuminate\Pipeline\{closure}(Object(Illuminate\Http\Request))
#20 /home/cp385120/public_html/bestplantvn.com/vendor/laravel/framework/src/Illuminate/Cookie/Middleware/AddQueuedCookiesToResponse.php(37): Illuminate\Routing\Pipeline->Illuminate\Routing\{closure}(Object(Illuminate\Http\Request))
#21 /home/cp385120/public_html/bestplantvn.com/vendor/laravel/framework/src/Illuminate/Pipeline/Pipeline.php(148): Illuminate\Cookie\Middleware\AddQueuedCookiesToResponse->handle(Object(Illuminate\Http\Request), Object(Closure))
#22 /home/cp385120/public_html/bestplantvn.com/vendor/laravel/framework/src/Illuminate/Routing/Pipeline.php(53): Illuminate\Pipeline\Pipeline->Illuminate\Pipeline\{closure}(Object(Illuminate\Http\Request))
#23 /home/cp385120/public_html/bestplantvn.com/vendor/laravel/framework/src/Illuminate/Cookie/Middleware/EncryptCookies.php(59): Illuminate\Routing\Pipeline->Illuminate\Routing\{closure}(Object(Illuminate\Http\Request))
#24 /home/cp385120/public_html/bestplantvn.com/vendor/laravel/framework/src/Illuminate/Pipeline/Pipeline.php(148): Illuminate\Cookie\Middleware\EncryptCookies->handle(Object(Illuminate\Http\Request), Object(Closure))
#25 /home/cp385120/public_html/bestplantvn.com/vendor/laravel/framework/src/Illuminate/Routing/Pipeline.php(53): Illuminate\Pipeline\Pipeline->Illuminate\Pipeline\{closure}(Object(Illuminate\Http\Request))
#26 /home/cp385120/public_html/bestplantvn.com/vendor/laravel/framework/src/Illuminate/Pipeline/Pipeline.php(102): Illuminate\Routing\Pipeline->Illuminate\Routing\{closure}(Object(Illuminate\Http\Request))
#27 /home/cp385120/public_html/bestplantvn.com/vendor/laravel/framework/src/Illuminate/Routing/Router.php(561): Illuminate\Pipeline\Pipeline->then(Object(Closure))
#28 /home/cp385120/public_html/bestplantvn.com/vendor/laravel/framework/src/Illuminate/Routing/Router.php(520): Illuminate\Routing\Router->runRouteWithinStack(Object(Illuminate\Routing\Route), Object(Illuminate\Http\Request))
#29 /home/cp385120/public_html/bestplantvn.com/vendor/laravel/framework/src/Illuminate/Routing/Router.php(498): Illuminate\Routing\Router->dispatchToRoute(Object(Illuminate\Http\Request))
#30 /home/cp385120/public_html/bestplantvn.com/vendor/laravel/framework/src/Illuminate/Foundation/Http/Kernel.php(174): Illuminate\Routing\Router->dispatch(Object(Illuminate\Http\Request))
#31 /home/cp385120/public_html/bestplantvn.com/vendor/laravel/framework/src/Illuminate/Routing/Pipeline.php(30): Illuminate\Foundation\Http\Kernel->Illuminate\Foundation\Http\{closure}(Object(Illuminate\Http\Request))
#32 /home/cp385120/public_html/bestplantvn.com/vendor/laravel/framework/src/Illuminate/Foundation/Http/Middleware/TransformsRequest.php(30): Illuminate\Routing\Pipeline->Illuminate\Routing\{closure}(Object(Illuminate\Http\Request))
#33 /home/cp385120/public_html/bestplantvn.com/vendor/laravel/framework/src/Illuminate/Pipeline/Pipeline.php(148): Illuminate\Foundation\Http\Middleware\TransformsRequest->handle(Object(Illuminate\Http\Request), Object(Closure))
#34 /home/cp385120/public_html/bestplantvn.com/vendor/laravel/framework/src/Illuminate/Routing/Pipeline.php(53): Illuminate\Pipeline\Pipeline->Illuminate\Pipeline\{closure}(Object(Illuminate\Http\Request))
#35 /home/cp385120/public_html/bestplantvn.com/vendor/laravel/framework/src/Illuminate/Foundation/Http/Middleware/TransformsRequest.php(30): Illuminate\Routing\Pipeline->Illuminate\Routing\{closure}(Object(Illuminate\Http\Request))
#36 /home/cp385120/public_html/bestplantvn.com/vendor/laravel/framework/src/Illuminate/Pipeline/Pipeline.php(148): Illuminate\Foundation\Http\Middleware\TransformsRequest->handle(Object(Illuminate\Http\Request), Object(Closure))
#37 /home/cp385120/public_html/bestplantvn.com/vendor/laravel/framework/src/Illuminate/Routing/Pipeline.php(53): Illuminate\Pipeline\Pipeline->Illuminate\Pipeline\{closure}(Object(Illuminate\Http\Request))
#38 /home/cp385120/public_html/bestplantvn.com/vendor/laravel/framework/src/Illuminate/Foundation/Http/Middleware/ValidatePostSize.php(27): Illuminate\Routing\Pipeline->Illuminate\Routing\{closure}(Object(Illuminate\Http\Request))
#39 /home/cp385120/public_html/bestplantvn.com/vendor/laravel/framework/src/Illuminate/Pipeline/Pipeline.php(148): Illuminate\Foundation\Http\Middleware\ValidatePostSize->handle(Object(Illuminate\Http\Request), Object(Closure))
#40 /home/cp385120/public_html/bestplantvn.com/vendor/laravel/framework/src/Illuminate/Routing/Pipeline.php(53): Illuminate\Pipeline\Pipeline->Illuminate\Pipeline\{closure}(Object(Illuminate\Http\Request))
#41 /home/cp385120/public_html/bestplantvn.com/vendor/laravel/framework/src/Illuminate/Foundation/Http/Middleware/CheckForMaintenanceMode.php(46): Illuminate\Routing\Pipeline->Illuminate\Routing\{closure}(Object(Illuminate\Http\Request))
#42 /home/cp385120/public_html/bestplantvn.com/vendor/laravel/framework/src/Illuminate/Pipeline/Pipeline.php(148): Illuminate\Foundation\Http\Middleware\CheckForMaintenanceMode->handle(Object(Illuminate\Http\Request), Object(Closure))
#43 /home/cp385120/public_html/bestplantvn.com/vendor/laravel/framework/src/Illuminate/Routing/Pipeline.php(53): Illuminate\Pipeline\Pipeline->Illuminate\Pipeline\{closure}(Object(Illuminate\Http\Request))
#44 /home/cp385120/public_html/bestplantvn.com/vendor/laravel/framework/src/Illuminate/Pipeline/Pipeline.php(102): Illuminate\Routing\Pipeline->Illuminate\Routing\{closure}(Object(Illuminate\Http\Request))
#45 /home/cp385120/public_html/bestplantvn.com/vendor/laravel/framework/src/Illuminate/Foundation/Http/Kernel.php(149): Illuminate\Pipeline\Pipeline->then(Object(Closure))
#46 /home/cp385120/public_html/bestplantvn.com/vendor/laravel/framework/src/Illuminate/Foundation/Http/Kernel.php(116): Illuminate\Foundation\Http\Kernel->sendRequestThroughRouter(Object(Illuminate\Http\Request))
#47 /home/cp385120/public_html/bestplantvn.com/app/Http/Kernel.php(65): Illuminate\Foundation\Http\Kernel->handle(Object(Illuminate\Http\Request))
#48 /home/cp385120/public_html/bestplantvn.com/public/index.php(53): App\Http\Kernel->handle(Object(Illuminate\Http\Request))
#49 {main}  
[2017-06-02 07:35:36] local.ERROR: exception 'ErrorException' with message 'Undefined variable: e' in /home/cp385120/public_html/bestplantvn.com/app/Exceptions/Handler.php:47
Stack trace:
#0 /home/cp385120/public_html/bestplantvn.com/app/Exceptions/Handler.php(47): Illuminate\Foundation\Bootstrap\HandleExceptions->handleError(8, 'Undefined varia...', '/home/cp385120/...', 47, Array)
#1 /home/cp385120/public_html/bestplantvn.com/vendor/laravel/framework/src/Illuminate/Routing/Pipeline.php(82): App\Exceptions\Handler->render(Object(Illuminate\Http\Request), Object(InvalidArgumentException))
#2 /home/cp385120/public_html/bestplantvn.com/vendor/laravel/framework/src/Illuminate/Routing/Pipeline.php(32): Illuminate\Routing\Pipeline->handleException(Object(Illuminate\Http\Request), Object(InvalidArgumentException))
#3 /home/cp385120/public_html/bestplantvn.com/vendor/laravel/framework/src/Illuminate/Routing/Middleware/SubstituteBindings.php(41): Illuminate\Routing\Pipeline->Illuminate\Routing\{closure}(Object(Illuminate\Http\Request))
#4 /home/cp385120/public_html/bestplantvn.com/vendor/laravel/framework/src/Illuminate/Pipeline/Pipeline.php(148): Illuminate\Routing\Middleware\SubstituteBindings->handle(Object(Illuminate\Http\Request), Object(Closure))
#5 /home/cp385120/public_html/bestplantvn.com/vendor/laravel/framework/src/Illuminate/Routing/Pipeline.php(53): Illuminate\Pipeline\Pipeline->Illuminate\Pipeline\{closure}(Object(Illuminate\Http\Request))
#6 /home/cp385120/public_html/bestplantvn.com/vendor/laravel/framework/src/Illuminate/Foundation/Http/Middleware/VerifyCsrfToken.php(65): Illuminate\Routing\Pipeline->Illuminate\Routing\{closure}(Object(Illuminate\Http\Request))
#7 /home/cp385120/public_html/bestplantvn.com/vendor/laravel/framework/src/Illuminate/Pipeline/Pipeline.php(148): Illuminate\Foundation\Http\Middleware\VerifyCsrfToken->handle(Object(Illuminate\Http\Request), Object(Closure))
#8 /home/cp385120/public_html/bestplantvn.com/vendor/laravel/framework/src/Illuminate/Routing/Pipeline.php(53): Illuminate\Pipeline\Pipeline->Illuminate\Pipeline\{closure}(Object(Illuminate\Http\Request))
#9 /home/cp385120/public_html/bestplantvn.com/vendor/laravel/framework/src/Illuminate/View/Middleware/ShareErrorsFromSession.php(49): Illuminate\Routing\Pipeline->Illuminate\Routing\{closure}(Object(Illuminate\Http\Request))
#10 /home/cp385120/public_html/bestplantvn.com/vendor/laravel/framework/src/Illuminate/Pipeline/Pipeline.php(148): Illuminate\View\Middleware\ShareErrorsFromSession->handle(Object(Illuminate\Http\Request), Object(Closure))
#11 /home/cp385120/public_html/bestplantvn.com/vendor/laravel/framework/src/Illuminate/Routing/Pipeline.php(53): Illuminate\Pipeline\Pipeline->Illuminate\Pipeline\{closure}(Object(Illuminate\Http\Request))
#12 /home/cp385120/public_html/bestplantvn.com/vendor/laravel/framework/src/Illuminate/Session/Middleware/StartSession.php(64): Illuminate\Routing\Pipeline->Illuminate\Routing\{closure}(Object(Illuminate\Http\Request))
#13 /home/cp385120/public_html/bestplantvn.com/vendor/laravel/framework/src/Illuminate/Pipeline/Pipeline.php(148): Illuminate\Session\Middleware\StartSession->handle(Object(Illuminate\Http\Request), Object(Closure))
#14 /home/cp385120/public_html/bestplantvn.com/vendor/laravel/framework/src/Illuminate/Routing/Pipeline.php(53): Illuminate\Pipeline\Pipeline->Illuminate\Pipeline\{closure}(Object(Illuminate\Http\Request))
#15 /home/cp385120/public_html/bestplantvn.com/vendor/laravel/framework/src/Illuminate/Cookie/Middleware/AddQueuedCookiesToResponse.php(37): Illuminate\Routing\Pipeline->Illuminate\Routing\{closure}(Object(Illuminate\Http\Request))
#16 /home/cp385120/public_html/bestplantvn.com/vendor/laravel/framework/src/Illuminate/Pipeline/Pipeline.php(148): Illuminate\Cookie\Middleware\AddQueuedCookiesToResponse->handle(Object(Illuminate\Http\Request), Object(Closure))
#17 /home/cp385120/public_html/bestplantvn.com/vendor/laravel/framework/src/Illuminate/Routing/Pipeline.php(53): Illuminate\Pipeline\Pipeline->Illuminate\Pipeline\{closure}(Object(Illuminate\Http\Request))
#18 /home/cp385120/public_html/bestplantvn.com/vendor/laravel/framework/src/Illuminate/Cookie/Middleware/EncryptCookies.php(59): Illuminate\Routing\Pipeline->Illuminate\Routing\{closure}(Object(Illuminate\Http\Request))
#19 /home/cp385120/public_html/bestplantvn.com/vendor/laravel/framework/src/Illuminate/Pipeline/Pipeline.php(148): Illuminate\Cookie\Middleware\EncryptCookies->handle(Object(Illuminate\Http\Request), Object(Closure))
#20 /home/cp385120/public_html/bestplantvn.com/vendor/laravel/framework/src/Illuminate/Routing/Pipeline.php(53): Illuminate\Pipeline\Pipeline->Illuminate\Pipeline\{closure}(Object(Illuminate\Http\Request))
#21 /home/cp385120/public_html/bestplantvn.com/vendor/laravel/framework/src/Illuminate/Pipeline/Pipeline.php(102): Illuminate\Routing\Pipeline->Illuminate\Routing\{closure}(Object(Illuminate\Http\Request))
#22 /home/cp385120/public_html/bestplantvn.com/vendor/laravel/framework/src/Illuminate/Routing/Router.php(561): Illuminate\Pipeline\Pipeline->then(Object(Closure))
#23 /home/cp385120/public_html/bestplantvn.com/vendor/laravel/framework/src/Illuminate/Routing/Router.php(520): Illuminate\Routing\Router->runRouteWithinStack(Object(Illuminate\Routing\Route), Object(Illuminate\Http\Request))
#24 /home/cp385120/public_html/bestplantvn.com/vendor/laravel/framework/src/Illuminate/Routing/Router.php(498): Illuminate\Routing\Router->dispatchToRoute(Object(Illuminate\Http\Request))
#25 /home/cp385120/public_html/bestplantvn.com/vendor/laravel/framework/src/Illuminate/Foundation/Http/Kernel.php(174): Illuminate\Routing\Router->dispatch(Object(Illuminate\Http\Request))
#26 /home/cp385120/public_html/bestplantvn.com/vendor/laravel/framework/src/Illuminate/Routing/Pipeline.php(30): Illuminate\Foundation\Http\Kernel->Illuminate\Foundation\Http\{closure}(Object(Illuminate\Http\Request))
#27 /home/cp385120/public_html/bestplantvn.com/vendor/laravel/framework/src/Illuminate/Foundation/Http/Middleware/TransformsRequest.php(30): Illuminate\Routing\Pipeline->Illuminate\Routing\{closure}(Object(Illuminate\Http\Request))
#28 /home/cp385120/public_html/bestplantvn.com/vendor/laravel/framework/src/Illuminate/Pipeline/Pipeline.php(148): Illuminate\Foundation\Http\Middleware\TransformsRequest->handle(Object(Illuminate\Http\Request), Object(Closure))
#29 /home/cp385120/public_html/bestplantvn.com/vendor/laravel/framework/src/Illuminate/Routing/Pipeline.php(53): Illuminate\Pipeline\Pipeline->Illuminate\Pipeline\{closure}(Object(Illuminate\Http\Request))
#30 /home/cp385120/public_html/bestplantvn.com/vendor/laravel/framework/src/Illuminate/Foundation/Http/Middleware/TransformsRequest.php(30): Illuminate\Routing\Pipeline->Illuminate\Routing\{closure}(Object(Illuminate\Http\Request))
#31 /home/cp385120/public_html/bestplantvn.com/vendor/laravel/framework/src/Illuminate/Pipeline/Pipeline.php(148): Illuminate\Foundation\Http\Middleware\TransformsRequest->handle(Object(Illuminate\Http\Request), Object(Closure))
#32 /home/cp385120/public_html/bestplantvn.com/vendor/laravel/framework/src/Illuminate/Routing/Pipeline.php(53): Illuminate\Pipeline\Pipeline->Illuminate\Pipeline\{closure}(Object(Illuminate\Http\Request))
#33 /home/cp385120/public_html/bestplantvn.com/vendor/laravel/framework/src/Illuminate/Foundation/Http/Middleware/ValidatePostSize.php(27): Illuminate\Routing\Pipeline->Illuminate\Routing\{closure}(Object(Illuminate\Http\Request))
#34 /home/cp385120/public_html/bestplantvn.com/vendor/laravel/framework/src/Illuminate/Pipeline/Pipeline.php(148): Illuminate\Foundation\Http\Middleware\ValidatePostSize->handle(Object(Illuminate\Http\Request), Object(Closure))
#35 /home/cp385120/public_html/bestplantvn.com/vendor/laravel/framework/src/Illuminate/Routing/Pipeline.php(53): Illuminate\Pipeline\Pipeline->Illuminate\Pipeline\{closure}(Object(Illuminate\Http\Request))
#36 /home/cp385120/public_html/bestplantvn.com/vendor/laravel/framework/src/Illuminate/Foundation/Http/Middleware/CheckForMaintenanceMode.php(46): Illuminate\Routing\Pipeline->Illuminate\Routing\{closure}(Object(Illuminate\Http\Request))
#37 /home/cp385120/public_html/bestplantvn.com/vendor/laravel/framework/src/Illuminate/Pipeline/Pipeline.php(148): Illuminate\Foundation\Http\Middleware\CheckForMaintenanceMode->handle(Object(Illuminate\Http\Request), Object(Closure))
#38 /home/cp385120/public_html/bestplantvn.com/vendor/laravel/framework/src/Illuminate/Routing/Pipeline.php(53): Illuminate\Pipeline\Pipeline->Illuminate\Pipeline\{closure}(Object(Illuminate\Http\Request))
#39 /home/cp385120/public_html/bestplantvn.com/vendor/laravel/framework/src/Illuminate/Pipeline/Pipeline.php(102): Illuminate\Routing\Pipeline->Illuminate\Routing\{closure}(Object(Illuminate\Http\Request))
#40 /home/cp385120/public_html/bestplantvn.com/vendor/laravel/framework/src/Illuminate/Foundation/Http/Kernel.php(149): Illuminate\Pipeline\Pipeline->then(Object(Closure))
#41 /home/cp385120/public_html/bestplantvn.com/vendor/laravel/framework/src/Illuminate/Foundation/Http/Kernel.php(116): Illuminate\Foundation\Http\Kernel->sendRequestThroughRouter(Object(Illuminate\Http\Request))
#42 /home/cp385120/public_html/bestplantvn.com/app/Http/Kernel.php(65): Illuminate\Foundation\Http\Kernel->handle(Object(Illuminate\Http\Request))
#43 /home/cp385120/public_html/bestplantvn.com/public/index.php(53): App\Http\Kernel->handle(Object(Illuminate\Http\Request))
#44 {main}  
[2017-06-02 07:35:36] local.ERROR: exception 'ErrorException' with message 'Undefined variable: e' in /home/cp385120/public_html/bestplantvn.com/app/Exceptions/Handler.php:47
Stack trace:
#0 /home/cp385120/public_html/bestplantvn.com/app/Exceptions/Handler.php(47): Illuminate\Foundation\Bootstrap\HandleExceptions->handleError(8, 'Undefined varia...', '/home/cp385120/...', 47, Array)
#1 /home/cp385120/public_html/bestplantvn.com/vendor/laravel/framework/src/Illuminate/Routing/Pipeline.php(82): App\Exceptions\Handler->render(Object(Illuminate\Http\Request), Object(ErrorException))
#2 /home/cp385120/public_html/bestplantvn.com/vendor/laravel/framework/src/Illuminate/Routing/Pipeline.php(55): Illuminate\Routing\Pipeline->handleException(Object(Illuminate\Http\Request), Object(ErrorException))
#3 /home/cp385120/public_html/bestplantvn.com/vendor/laravel/framework/src/Illuminate/Foundation/Http/Middleware/VerifyCsrfToken.php(65): Illuminate\Routing\Pipeline->Illuminate\Routing\{closure}(Object(Illuminate\Http\Request))
#4 /home/cp385120/public_html/bestplantvn.com/vendor/laravel/framework/src/Illuminate/Pipeline/Pipeline.php(148): Illuminate\Foundation\Http\Middleware\VerifyCsrfToken->handle(Object(Illuminate\Http\Request), Object(Closure))
#5 /home/cp385120/public_html/bestplantvn.com/vendor/laravel/framework/src/Illuminate/Routing/Pipeline.php(53): Illuminate\Pipeline\Pipeline->Illuminate\Pipeline\{closure}(Object(Illuminate\Http\Request))
#6 /home/cp385120/public_html/bestplantvn.com/vendor/laravel/framework/src/Illuminate/View/Middleware/ShareErrorsFromSession.php(49): Illuminate\Routing\Pipeline->Illuminate\Routing\{closure}(Object(Illuminate\Http\Request))
#7 /home/cp385120/public_html/bestplantvn.com/vendor/laravel/framework/src/Illuminate/Pipeline/Pipeline.php(148): Illuminate\View\Middleware\ShareErrorsFromSession->handle(Object(Illuminate\Http\Request), Object(Closure))
#8 /home/cp385120/public_html/bestplantvn.com/vendor/laravel/framework/src/Illuminate/Routing/Pipeline.php(53): Illuminate\Pipeline\Pipeline->Illuminate\Pipeline\{closure}(Object(Illuminate\Http\Request))
#9 /home/cp385120/public_html/bestplantvn.com/vendor/laravel/framework/src/Illuminate/Session/Middleware/StartSession.php(64): Illuminate\Routing\Pipeline->Illuminate\Routing\{closure}(Object(Illuminate\Http\Request))
#10 /home/cp385120/public_html/bestplantvn.com/vendor/laravel/framework/src/Illuminate/Pipeline/Pipeline.php(148): Illuminate\Session\Middleware\StartSession->handle(Object(Illuminate\Http\Request), Object(Closure))
#11 /home/cp385120/public_html/bestplantvn.com/vendor/laravel/framework/src/Illuminate/Routing/Pipeline.php(53): Illuminate\Pipeline\Pipeline->Illuminate\Pipeline\{closure}(Object(Illuminate\Http\Request))
#12 /home/cp385120/public_html/bestplantvn.com/vendor/laravel/framework/src/Illuminate/Cookie/Middleware/AddQueuedCookiesToResponse.php(37): Illuminate\Routing\Pipeline->Illuminate\Routing\{closure}(Object(Illuminate\Http\Request))
#13 /home/cp385120/public_html/bestplantvn.com/vendor/laravel/framework/src/Illuminate/Pipeline/Pipeline.php(148): Illuminate\Cookie\Middleware\AddQueuedCookiesToResponse->handle(Object(Illuminate\Http\Request), Object(Closure))
#14 /home/cp385120/public_html/bestplantvn.com/vendor/laravel/framework/src/Illuminate/Routing/Pipeline.php(53): Illuminate\Pipeline\Pipeline->Illuminate\Pipeline\{closure}(Object(Illuminate\Http\Request))
#15 /home/cp385120/public_html/bestplantvn.com/vendor/laravel/framework/src/Illuminate/Cookie/Middleware/EncryptCookies.php(59): Illuminate\Routing\Pipeline->Illuminate\Routing\{closure}(Object(Illuminate\Http\Request))
#16 /home/cp385120/public_html/bestplantvn.com/vendor/laravel/framework/src/Illuminate/Pipeline/Pipeline.php(148): Illuminate\Cookie\Middleware\EncryptCookies->handle(Object(Illuminate\Http\Request), Object(Closure))
#17 /home/cp385120/public_html/bestplantvn.com/vendor/laravel/framework/src/Illuminate/Routing/Pipeline.php(53): Illuminate\Pipeline\Pipeline->Illuminate\Pipeline\{closure}(Object(Illuminate\Http\Request))
#18 /home/cp385120/public_html/bestplantvn.com/vendor/laravel/framework/src/Illuminate/Pipeline/Pipeline.php(102): Illuminate\Routing\Pipeline->Illuminate\Routing\{closure}(Object(Illuminate\Http\Request))
#19 /home/cp385120/public_html/bestplantvn.com/vendor/laravel/framework/src/Illuminate/Routing/Router.php(561): Illuminate\Pipeline\Pipeline->then(Object(Closure))
#20 /home/cp385120/public_html/bestplantvn.com/vendor/laravel/framework/src/Illuminate/Routing/Router.php(520): Illuminate\Routing\Router->runRouteWithinStack(Object(Illuminate\Routing\Route), Object(Illuminate\Http\Request))
#21 /home/cp385120/public_html/bestplantvn.com/vendor/laravel/framework/src/Illuminate/Routing/Router.php(498): Illuminate\Routing\Router->dispatchToRoute(Object(Illuminate\Http\Request))
#22 /home/cp385120/public_html/bestplantvn.com/vendor/laravel/framework/src/Illuminate/Foundation/Http/Kernel.php(174): Illuminate\Routing\Router->dispatch(Object(Illuminate\Http\Request))
#23 /home/cp385120/public_html/bestplantvn.com/vendor/laravel/framework/src/Illuminate/Routing/Pipeline.php(30): Illuminate\Foundation\Http\Kernel->Illuminate\Foundation\Http\{closure}(Object(Illuminate\Http\Request))
#24 /home/cp385120/public_html/bestplantvn.com/vendor/laravel/framework/src/Illuminate/Foundation/Http/Middleware/TransformsRequest.php(30): Illuminate\Routing\Pipeline->Illuminate\Routing\{closure}(Object(Illuminate\Http\Request))
#25 /home/cp385120/public_html/bestplantvn.com/vendor/laravel/framework/src/Illuminate/Pipeline/Pipeline.php(148): Illuminate\Foundation\Http\Middleware\TransformsRequest->handle(Object(Illuminate\Http\Request), Object(Closure))
#26 /home/cp385120/public_html/bestplantvn.com/vendor/laravel/framework/src/Illuminate/Routing/Pipeline.php(53): Illuminate\Pipeline\Pipeline->Illuminate\Pipeline\{closure}(Object(Illuminate\Http\Request))
#27 /home/cp385120/public_html/bestplantvn.com/vendor/laravel/framework/src/Illuminate/Foundation/Http/Middleware/TransformsRequest.php(30): Illuminate\Routing\Pipeline->Illuminate\Routing\{closure}(Object(Illuminate\Http\Request))
#28 /home/cp385120/public_html/bestplantvn.com/vendor/laravel/framework/src/Illuminate/Pipeline/Pipeline.php(148): Illuminate\Foundation\Http\Middleware\TransformsRequest->handle(Object(Illuminate\Http\Request), Object(Closure))
#29 /home/cp385120/public_html/bestplantvn.com/vendor/laravel/framework/src/Illuminate/Routing/Pipeline.php(53): Illuminate\Pipeline\Pipeline->Illuminate\Pipeline\{closure}(Object(Illuminate\Http\Request))
#30 /home/cp385120/public_html/bestplantvn.com/vendor/laravel/framework/src/Illuminate/Foundation/Http/Middleware/ValidatePostSize.php(27): Illuminate\Routing\Pipeline->Illuminate\Routing\{closure}(Object(Illuminate\Http\Request))
#31 /home/cp385120/public_html/bestplantvn.com/vendor/laravel/framework/src/Illuminate/Pipeline/Pipeline.php(148): Illuminate\Foundation\Http\Middleware\ValidatePostSize->handle(Object(Illuminate\Http\Request), Object(Closure))
#32 /home/cp385120/public_html/bestplantvn.com/vendor/laravel/framework/src/Illuminate/Routing/Pipeline.php(53): Illuminate\Pipeline\Pipeline->Illuminate\Pipeline\{closure}(Object(Illuminate\Http\Request))
#33 /home/cp385120/public_html/bestplantvn.com/vendor/laravel/framework/src/Illuminate/Foundation/Http/Middleware/CheckForMaintenanceMode.php(46): Illuminate\Routing\Pipeline->Illuminate\Routing\{closure}(Object(Illuminate\Http\Request))
#34 /home/cp385120/public_html/bestplantvn.com/vendor/laravel/framework/src/Illuminate/Pipeline/Pipeline.php(148): Illuminate\Foundation\Http\Middleware\CheckForMaintenanceMode->handle(Object(Illuminate\Http\Request), Object(Closure))
#35 /home/cp385120/public_html/bestplantvn.com/vendor/laravel/framework/src/Illuminate/Routing/Pipeline.php(53): Illuminate\Pipeline\Pipeline->Illuminate\Pipeline\{closure}(Object(Illuminate\Http\Request))
#36 /home/cp385120/public_html/bestplantvn.com/vendor/laravel/framework/src/Illuminate/Pipeline/Pipeline.php(102): Illuminate\Routing\Pipeline->Illuminate\Routing\{closure}(Object(Illuminate\Http\Request))
#37 /home/cp385120/public_html/bestplantvn.com/vendor/laravel/framework/src/Illuminate/Foundation/Http/Kernel.php(149): Illuminate\Pipeline\Pipeline->then(Object(Closure))
#38 /home/cp385120/public_html/bestplantvn.com/vendor/laravel/framework/src/Illuminate/Foundation/Http/Kernel.php(116): Illuminate\Foundation\Http\Kernel->sendRequestThroughRouter(Object(Illuminate\Http\Request))
#39 /home/cp385120/public_html/bestplantvn.com/app/Http/Kernel.php(65): Illuminate\Foundation\Http\Kernel->handle(Object(Illuminate\Http\Request))
#40 /home/cp385120/public_html/bestplantvn.com/public/index.php(53): App\Http\Kernel->handle(Object(Illuminate\Http\Request))
#41 {main}  
[2017-06-02 07:35:36] local.ERROR: exception 'ErrorException' with message 'Undefined variable: e' in /home/cp385120/public_html/bestplantvn.com/app/Exceptions/Handler.php:47
Stack trace:
#0 /home/cp385120/public_html/bestplantvn.com/app/Exceptions/Handler.php(47): Illuminate\Foundation\Bootstrap\HandleExceptions->handleError(8, 'Undefined varia...', '/home/cp385120/...', 47, Array)
#1 /home/cp385120/public_html/bestplantvn.com/vendor/laravel/framework/src/Illuminate/Routing/Pipeline.php(82): App\Exceptions\Handler->render(Object(Illuminate\Http\Request), Object(ErrorException))
#2 /home/cp385120/public_html/bestplantvn.com/vendor/laravel/framework/src/Illuminate/Routing/Pipeline.php(55): Illuminate\Routing\Pipeline->handleException(Object(Illuminate\Http\Request), Object(ErrorException))
#3 /home/cp385120/public_html/bestplantvn.com/vendor/laravel/framework/src/Illuminate/View/Middleware/ShareErrorsFromSession.php(49): Illuminate\Routing\Pipeline->Illuminate\Routing\{closure}(Object(Illuminate\Http\Request))
#4 /home/cp385120/public_html/bestplantvn.com/vendor/laravel/framework/src/Illuminate/Pipeline/Pipeline.php(148): Illuminate\View\Middleware\ShareErrorsFromSession->handle(Object(Illuminate\Http\Request), Object(Closure))
#5 /home/cp385120/public_html/bestplantvn.com/vendor/laravel/framework/src/Illuminate/Routing/Pipeline.php(53): Illuminate\Pipeline\Pipeline->Illuminate\Pipeline\{closure}(Object(Illuminate\Http\Request))
#6 /home/cp385120/public_html/bestplantvn.com/vendor/laravel/framework/src/Illuminate/Session/Middleware/StartSession.php(64): Illuminate\Routing\Pipeline->Illuminate\Routing\{closure}(Object(Illuminate\Http\Request))
#7 /home/cp385120/public_html/bestplantvn.com/vendor/laravel/framework/src/Illuminate/Pipeline/Pipeline.php(148): Illuminate\Session\Middleware\StartSession->handle(Object(Illuminate\Http\Request), Object(Closure))
#8 /home/cp385120/public_html/bestplantvn.com/vendor/laravel/framework/src/Illuminate/Routing/Pipeline.php(53): Illuminate\Pipeline\Pipeline->Illuminate\Pipeline\{closure}(Object(Illuminate\Http\Request))
#9 /home/cp385120/public_html/bestplantvn.com/vendor/laravel/framework/src/Illuminate/Cookie/Middleware/AddQueuedCookiesToResponse.php(37): Illuminate\Routing\Pipeline->Illuminate\Routing\{closure}(Object(Illuminate\Http\Request))
#10 /home/cp385120/public_html/bestplantvn.com/vendor/laravel/framework/src/Illuminate/Pipeline/Pipeline.php(148): Illuminate\Cookie\Middleware\AddQueuedCookiesToResponse->handle(Object(Illuminate\Http\Request), Object(Closure))
#11 /home/cp385120/public_html/bestplantvn.com/vendor/laravel/framework/src/Illuminate/Routing/Pipeline.php(53): Illuminate\Pipeline\Pipeline->Illuminate\Pipeline\{closure}(Object(Illuminate\Http\Request))
#12 /home/cp385120/public_html/bestplantvn.com/vendor/laravel/framework/src/Illuminate/Cookie/Middleware/EncryptCookies.php(59): Illuminate\Routing\Pipeline->Illuminate\Routing\{closure}(Object(Illuminate\Http\Request))
#13 /home/cp385120/public_html/bestplantvn.com/vendor/laravel/framework/src/Illuminate/Pipeline/Pipeline.php(148): Illuminate\Cookie\Middleware\EncryptCookies->handle(Object(Illuminate\Http\Request), Object(Closure))
#14 /home/cp385120/public_html/bestplantvn.com/vendor/laravel/framework/src/Illuminate/Routing/Pipeline.php(53): Illuminate\Pipeline\Pipeline->Illuminate\Pipeline\{closure}(Object(Illuminate\Http\Request))
#15 /home/cp385120/public_html/bestplantvn.com/vendor/laravel/framework/src/Illuminate/Pipeline/Pipeline.php(102): Illuminate\Routing\Pipeline->Illuminate\Routing\{closure}(Object(Illuminate\Http\Request))
#16 /home/cp385120/public_html/bestplantvn.com/vendor/laravel/framework/src/Illuminate/Routing/Router.php(561): Illuminate\Pipeline\Pipeline->then(Object(Closure))
#17 /home/cp385120/public_html/bestplantvn.com/vendor/laravel/framework/src/Illuminate/Routing/Router.php(520): Illuminate\Routing\Router->runRouteWithinStack(Object(Illuminate\Routing\Route), Object(Illuminate\Http\Request))
#18 /home/cp385120/public_html/bestplantvn.com/vendor/laravel/framework/src/Illuminate/Routing/Router.php(498): Illuminate\Routing\Router->dispatchToRoute(Object(Illuminate\Http\Request))
#19 /home/cp385120/public_html/bestplantvn.com/vendor/laravel/framework/src/Illuminate/Foundation/Http/Kernel.php(174): Illuminate\Routing\Router->dispatch(Object(Illuminate\Http\Request))
#20 /home/cp385120/public_html/bestplantvn.com/vendor/laravel/framework/src/Illuminate/Routing/Pipeline.php(30): Illuminate\Foundation\Http\Kernel->Illuminate\Foundation\Http\{closure}(Object(Illuminate\Http\Request))
#21 /home/cp385120/public_html/bestplantvn.com/vendor/laravel/framework/src/Illuminate/Foundation/Http/Middleware/TransformsRequest.php(30): Illuminate\Routing\Pipeline->Illuminate\Routing\{closure}(Object(Illuminate\Http\Request))
#22 /home/cp385120/public_html/bestplantvn.com/vendor/laravel/framework/src/Illuminate/Pipeline/Pipeline.php(148): Illuminate\Foundation\Http\Middleware\TransformsRequest->handle(Object(Illuminate\Http\Request), Object(Closure))
#23 /home/cp385120/public_html/bestplantvn.com/vendor/laravel/framework/src/Illuminate/Routing/Pipeline.php(53): Illuminate\Pipeline\Pipeline->Illuminate\Pipeline\{closure}(Object(Illuminate\Http\Request))
#24 /home/cp385120/public_html/bestplantvn.com/vendor/laravel/framework/src/Illuminate/Foundation/Http/Middleware/TransformsRequest.php(30): Illuminate\Routing\Pipeline->Illuminate\Routing\{closure}(Object(Illuminate\Http\Request))
#25 /home/cp385120/public_html/bestplantvn.com/vendor/laravel/framework/src/Illuminate/Pipeline/Pipeline.php(148): Illuminate\Foundation\Http\Middleware\TransformsRequest->handle(Object(Illuminate\Http\Request), Object(Closure))
#26 /home/cp385120/public_html/bestplantvn.com/vendor/laravel/framework/src/Illuminate/Routing/Pipeline.php(53): Illuminate\Pipeline\Pipeline->Illuminate\Pipeline\{closure}(Object(Illuminate\Http\Request))
#27 /home/cp385120/public_html/bestplantvn.com/vendor/laravel/framework/src/Illuminate/Foundation/Http/Middleware/ValidatePostSize.php(27): Illuminate\Routing\Pipeline->Illuminate\Routing\{closure}(Object(Illuminate\Http\Request))
#28 /home/cp385120/public_html/bestplantvn.com/vendor/laravel/framework/src/Illuminate/Pipeline/Pipeline.php(148): Illuminate\Foundation\Http\Middleware\ValidatePostSize->handle(Object(Illuminate\Http\Request), Object(Closure))
#29 /home/cp385120/public_html/bestplantvn.com/vendor/laravel/framework/src/Illuminate/Routing/Pipeline.php(53): Illuminate\Pipeline\Pipeline->Illuminate\Pipeline\{closure}(Object(Illuminate\Http\Request))
#30 /home/cp385120/public_html/bestplantvn.com/vendor/laravel/framework/src/Illuminate/Foundation/Http/Middleware/CheckForMaintenanceMode.php(46): Illuminate\Routing\Pipeline->Illuminate\Routing\{closure}(Object(Illuminate\Http\Request))
#31 /home/cp385120/public_html/bestplantvn.com/vendor/laravel/framework/src/Illuminate/Pipeline/Pipeline.php(148): Illuminate\Foundation\Http\Middleware\CheckForMaintenanceMode->handle(Object(Illuminate\Http\Request), Object(Closure))
#32 /home/cp385120/public_html/bestplantvn.com/vendor/laravel/framework/src/Illuminate/Routing/Pipeline.php(53): Illuminate\Pipeline\Pipeline->Illuminate\Pipeline\{closure}(Object(Illuminate\Http\Request))
#33 /home/cp385120/public_html/bestplantvn.com/vendor/laravel/framework/src/Illuminate/Pipeline/Pipeline.php(102): Illuminate\Routing\Pipeline->Illuminate\Routing\{closure}(Object(Illuminate\Http\Request))
#34 /home/cp385120/public_html/bestplantvn.com/vendor/laravel/framework/src/Illuminate/Foundation/Http/Kernel.php(149): Illuminate\Pipeline\Pipeline->then(Object(Closure))
#35 /home/cp385120/public_html/bestplantvn.com/vendor/laravel/framework/src/Illuminate/Foundation/Http/Kernel.php(116): Illuminate\Foundation\Http\Kernel->sendRequestThroughRouter(Object(Illuminate\Http\Request))
#36 /home/cp385120/public_html/bestplantvn.com/app/Http/Kernel.php(65): Illuminate\Foundation\Http\Kernel->handle(Object(Illuminate\Http\Request))
#37 /home/cp385120/public_html/bestplantvn.com/public/index.php(53): App\Http\Kernel->handle(Object(Illuminate\Http\Request))
#38 {main}  
[2017-06-02 07:35:36] local.ERROR: exception 'ErrorException' with message 'Undefined variable: e' in /home/cp385120/public_html/bestplantvn.com/app/Exceptions/Handler.php:47
Stack trace:
#0 /home/cp385120/public_html/bestplantvn.com/app/Exceptions/Handler.php(47): Illuminate\Foundation\Bootstrap\HandleExceptions->handleError(8, 'Undefined varia...', '/home/cp385120/...', 47, Array)
#1 /home/cp385120/public_html/bestplantvn.com/vendor/laravel/framework/src/Illuminate/Routing/Pipeline.php(82): App\Exceptions\Handler->render(Object(Illuminate\Http\Request), Object(ErrorException))
#2 /home/cp385120/public_html/bestplantvn.com/vendor/laravel/framework/src/Illuminate/Routing/Pipeline.php(55): Illuminate\Routing\Pipeline->handleException(Object(Illuminate\Http\Request), Object(ErrorException))
#3 /home/cp385120/public_html/bestplantvn.com/vendor/laravel/framework/src/Illuminate/Session/Middleware/StartSession.php(64): Illuminate\Routing\Pipeline->Illuminate\Routing\{closure}(Object(Illuminate\Http\Request))
#4 /home/cp385120/public_html/bestplantvn.com/vendor/laravel/framework/src/Illuminate/Pipeline/Pipeline.php(148): Illuminate\Session\Middleware\StartSession->handle(Object(Illuminate\Http\Request), Object(Closure))
#5 /home/cp385120/public_html/bestplantvn.com/vendor/laravel/framework/src/Illuminate/Routing/Pipeline.php(53): Illuminate\Pipeline\Pipeline->Illuminate\Pipeline\{closure}(Object(Illuminate\Http\Request))
#6 /home/cp385120/public_html/bestplantvn.com/vendor/laravel/framework/src/Illuminate/Cookie/Middleware/AddQueuedCookiesToResponse.php(37): Illuminate\Routing\Pipeline->Illuminate\Routing\{closure}(Object(Illuminate\Http\Request))
#7 /home/cp385120/public_html/bestplantvn.com/vendor/laravel/framework/src/Illuminate/Pipeline/Pipeline.php(148): Illuminate\Cookie\Middleware\AddQueuedCookiesToResponse->handle(Object(Illuminate\Http\Request), Object(Closure))
#8 /home/cp385120/public_html/bestplantvn.com/vendor/laravel/framework/src/Illuminate/Routing/Pipeline.php(53): Illuminate\Pipeline\Pipeline->Illuminate\Pipeline\{closure}(Object(Illuminate\Http\Request))
#9 /home/cp385120/public_html/bestplantvn.com/vendor/laravel/framework/src/Illuminate/Cookie/Middleware/EncryptCookies.php(59): Illuminate\Routing\Pipeline->Illuminate\Routing\{closure}(Object(Illuminate\Http\Request))
#10 /home/cp385120/public_html/bestplantvn.com/vendor/laravel/framework/src/Illuminate/Pipeline/Pipeline.php(148): Illuminate\Cookie\Middleware\EncryptCookies->handle(Object(Illuminate\Http\Request), Object(Closure))
#11 /home/cp385120/public_html/bestplantvn.com/vendor/laravel/framework/src/Illuminate/Routing/Pipeline.php(53): Illuminate\Pipeline\Pipeline->Illuminate\Pipeline\{closure}(Object(Illuminate\Http\Request))
#12 /home/cp385120/public_html/bestplantvn.com/vendor/laravel/framework/src/Illuminate/Pipeline/Pipeline.php(102): Illuminate\Routing\Pipeline->Illuminate\Routing\{closure}(Object(Illuminate\Http\Request))
#13 /home/cp385120/public_html/bestplantvn.com/vendor/laravel/framework/src/Illuminate/Routing/Router.php(561): Illuminate\Pipeline\Pipeline->then(Object(Closure))
#14 /home/cp385120/public_html/bestplantvn.com/vendor/laravel/framework/src/Illuminate/Routing/Router.php(520): Illuminate\Routing\Router->runRouteWithinStack(Object(Illuminate\Routing\Route), Object(Illuminate\Http\Request))
#15 /home/cp385120/public_html/bestplantvn.com/vendor/laravel/framework/src/Illuminate/Routing/Router.php(498): Illuminate\Routing\Router->dispatchToRoute(Object(Illuminate\Http\Request))
#16 /home/cp385120/public_html/bestplantvn.com/vendor/laravel/framework/src/Illuminate/Foundation/Http/Kernel.php(174): Illuminate\Routing\Router->dispatch(Object(Illuminate\Http\Request))
#17 /home/cp385120/public_html/bestplantvn.com/vendor/laravel/framework/src/Illuminate/Routing/Pipeline.php(30): Illuminate\Foundation\Http\Kernel->Illuminate\Foundation\Http\{closure}(Object(Illuminate\Http\Request))
#18 /home/cp385120/public_html/bestplantvn.com/vendor/laravel/framework/src/Illuminate/Foundation/Http/Middleware/TransformsRequest.php(30): Illuminate\Routing\Pipeline->Illuminate\Routing\{closure}(Object(Illuminate\Http\Request))
#19 /home/cp385120/public_html/bestplantvn.com/vendor/laravel/framework/src/Illuminate/Pipeline/Pipeline.php(148): Illuminate\Foundation\Http\Middleware\TransformsRequest->handle(Object(Illuminate\Http\Request), Object(Closure))
#20 /home/cp385120/public_html/bestplantvn.com/vendor/laravel/framework/src/Illuminate/Routing/Pipeline.php(53): Illuminate\Pipeline\Pipeline->Illuminate\Pipeline\{closure}(Object(Illuminate\Http\Request))
#21 /home/cp385120/public_html/bestplantvn.com/vendor/laravel/framework/src/Illuminate/Foundation/Http/Middleware/TransformsRequest.php(30): Illuminate\Routing\Pipeline->Illuminate\Routing\{closure}(Object(Illuminate\Http\Request))
#22 /home/cp385120/public_html/bestplantvn.com/vendor/laravel/framework/src/Illuminate/Pipeline/Pipeline.php(148): Illuminate\Foundation\Http\Middleware\TransformsRequest->handle(Object(Illuminate\Http\Request), Object(Closure))
#23 /home/cp385120/public_html/bestplantvn.com/vendor/laravel/framework/src/Illuminate/Routing/Pipeline.php(53): Illuminate\Pipeline\Pipeline->Illuminate\Pipeline\{closure}(Object(Illuminate\Http\Request))
#24 /home/cp385120/public_html/bestplantvn.com/vendor/laravel/framework/src/Illuminate/Foundation/Http/Middleware/ValidatePostSize.php(27): Illuminate\Routing\Pipeline->Illuminate\Routing\{closure}(Object(Illuminate\Http\Request))
#25 /home/cp385120/public_html/bestplantvn.com/vendor/laravel/framework/src/Illuminate/Pipeline/Pipeline.php(148): Illuminate\Foundation\Http\Middleware\ValidatePostSize->handle(Object(Illuminate\Http\Request), Object(Closure))
#26 /home/cp385120/public_html/bestplantvn.com/vendor/laravel/framework/src/Illuminate/Routing/Pipeline.php(53): Illuminate\Pipeline\Pipeline->Illuminate\Pipeline\{closure}(Object(Illuminate\Http\Request))
#27 /home/cp385120/public_html/bestplantvn.com/vendor/laravel/framework/src/Illuminate/Foundation/Http/Middleware/CheckForMaintenanceMode.php(46): Illuminate\Routing\Pipeline->Illuminate\Routing\{closure}(Object(Illuminate\Http\Request))
#28 /home/cp385120/public_html/bestplantvn.com/vendor/laravel/framework/src/Illuminate/Pipeline/Pipeline.php(148): Illuminate\Foundation\Http\Middleware\CheckForMaintenanceMode->handle(Object(Illuminate\Http\Request), Object(Closure))
#29 /home/cp385120/public_html/bestplantvn.com/vendor/laravel/framework/src/Illuminate/Routing/Pipeline.php(53): Illuminate\Pipeline\Pipeline->Illuminate\Pipeline\{closure}(Object(Illuminate\Http\Request))
#30 /home/cp385120/public_html/bestplantvn.com/vendor/laravel/framework/src/Illuminate/Pipeline/Pipeline.php(102): Illuminate\Routing\Pipeline->Illuminate\Routing\{closure}(Object(Illuminate\Http\Request))
#31 /home/cp385120/public_html/bestplantvn.com/vendor/laravel/framework/src/Illuminate/Foundation/Http/Kernel.php(149): Illuminate\Pipeline\Pipeline->then(Object(Closure))
#32 /home/cp385120/public_html/bestplantvn.com/vendor/laravel/framework/src/Illuminate/Foundation/Http/Kernel.php(116): Illuminate\Foundation\Http\Kernel->sendRequestThroughRouter(Object(Illuminate\Http\Request))
#33 /home/cp385120/public_html/bestplantvn.com/app/Http/Kernel.php(65): Illuminate\Foundation\Http\Kernel->handle(Object(Illuminate\Http\Request))
#34 /home/cp385120/public_html/bestplantvn.com/public/index.php(53): App\Http\Kernel->handle(Object(Illuminate\Http\Request))
#35 {main}  
[2017-06-02 07:35:36] local.ERROR: exception 'ErrorException' with message 'Undefined variable: e' in /home/cp385120/public_html/bestplantvn.com/app/Exceptions/Handler.php:47
Stack trace:
#0 /home/cp385120/public_html/bestplantvn.com/app/Exceptions/Handler.php(47): Illuminate\Foundation\Bootstrap\HandleExceptions->handleError(8, 'Undefined varia...', '/home/cp385120/...', 47, Array)
#1 /home/cp385120/public_html/bestplantvn.com/vendor/laravel/framework/src/Illuminate/Routing/Pipeline.php(82): App\Exceptions\Handler->render(Object(Illuminate\Http\Request), Object(ErrorException))
#2 /home/cp385120/public_html/bestplantvn.com/vendor/laravel/framework/src/Illuminate/Routing/Pipeline.php(55): Illuminate\Routing\Pipeline->handleException(Object(Illuminate\Http\Request), Object(ErrorException))
#3 /home/cp385120/public_html/bestplantvn.com/vendor/laravel/framework/src/Illuminate/Cookie/Middleware/AddQueuedCookiesToResponse.php(37): Illuminate\Routing\Pipeline->Illuminate\Routing\{closure}(Object(Illuminate\Http\Request))
#4 /home/cp385120/public_html/bestplantvn.com/vendor/laravel/framework/src/Illuminate/Pipeline/Pipeline.php(148): Illuminate\Cookie\Middleware\AddQueuedCookiesToResponse->handle(Object(Illuminate\Http\Request), Object(Closure))
#5 /home/cp385120/public_html/bestplantvn.com/vendor/laravel/framework/src/Illuminate/Routing/Pipeline.php(53): Illuminate\Pipeline\Pipeline->Illuminate\Pipeline\{closure}(Object(Illuminate\Http\Request))
#6 /home/cp385120/public_html/bestplantvn.com/vendor/laravel/framework/src/Illuminate/Cookie/Middleware/EncryptCookies.php(59): Illuminate\Routing\Pipeline->Illuminate\Routing\{closure}(Object(Illuminate\Http\Request))
#7 /home/cp385120/public_html/bestplantvn.com/vendor/laravel/framework/src/Illuminate/Pipeline/Pipeline.php(148): Illuminate\Cookie\Middleware\EncryptCookies->handle(Object(Illuminate\Http\Request), Object(Closure))
#8 /home/cp385120/public_html/bestplantvn.com/vendor/laravel/framework/src/Illuminate/Routing/Pipeline.php(53): Illuminate\Pipeline\Pipeline->Illuminate\Pipeline\{closure}(Object(Illuminate\Http\Request))
#9 /home/cp385120/public_html/bestplantvn.com/vendor/laravel/framework/src/Illuminate/Pipeline/Pipeline.php(102): Illuminate\Routing\Pipeline->Illuminate\Routing\{closure}(Object(Illuminate\Http\Request))
#10 /home/cp385120/public_html/bestplantvn.com/vendor/laravel/framework/src/Illuminate/Routing/Router.php(561): Illuminate\Pipeline\Pipeline->then(Object(Closure))
#11 /home/cp385120/public_html/bestplantvn.com/vendor/laravel/framework/src/Illuminate/Routing/Router.php(520): Illuminate\Routing\Router->runRouteWithinStack(Object(Illuminate\Routing\Route), Object(Illuminate\Http\Request))
#12 /home/cp385120/public_html/bestplantvn.com/vendor/laravel/framework/src/Illuminate/Routing/Router.php(498): Illuminate\Routing\Router->dispatchToRoute(Object(Illuminate\Http\Request))
#13 /home/cp385120/public_html/bestplantvn.com/vendor/laravel/framework/src/Illuminate/Foundation/Http/Kernel.php(174): Illuminate\Routing\Router->dispatch(Object(Illuminate\Http\Request))
#14 /home/cp385120/public_html/bestplantvn.com/vendor/laravel/framework/src/Illuminate/Routing/Pipeline.php(30): Illuminate\Foundation\Http\Kernel->Illuminate\Foundation\Http\{closure}(Object(Illuminate\Http\Request))
#15 /home/cp385120/public_html/bestplantvn.com/vendor/laravel/framework/src/Illuminate/Foundation/Http/Middleware/TransformsRequest.php(30): Illuminate\Routing\Pipeline->Illuminate\Routing\{closure}(Object(Illuminate\Http\Request))
#16 /home/cp385120/public_html/bestplantvn.com/vendor/laravel/framework/src/Illuminate/Pipeline/Pipeline.php(148): Illuminate\Foundation\Http\Middleware\TransformsRequest->handle(Object(Illuminate\Http\Request), Object(Closure))
#17 /home/cp385120/public_html/bestplantvn.com/vendor/laravel/framework/src/Illuminate/Routing/Pipeline.php(53): Illuminate\Pipeline\Pipeline->Illuminate\Pipeline\{closure}(Object(Illuminate\Http\Request))
#18 /home/cp385120/public_html/bestplantvn.com/vendor/laravel/framework/src/Illuminate/Foundation/Http/Middleware/TransformsRequest.php(30): Illuminate\Routing\Pipeline->Illuminate\Routing\{closure}(Object(Illuminate\Http\Request))
#19 /home/cp385120/public_html/bestplantvn.com/vendor/laravel/framework/src/Illuminate/Pipeline/Pipeline.php(148): Illuminate\Foundation\Http\Middleware\TransformsRequest->handle(Object(Illuminate\Http\Request), Object(Closure))
#20 /home/cp385120/public_html/bestplantvn.com/vendor/laravel/framework/src/Illuminate/Routing/Pipeline.php(53): Illuminate\Pipeline\Pipeline->Illuminate\Pipeline\{closure}(Object(Illuminate\Http\Request))
#21 /home/cp385120/public_html/bestplantvn.com/vendor/laravel/framework/src/Illuminate/Foundation/Http/Middleware/ValidatePostSize.php(27): Illuminate\Routing\Pipeline->Illuminate\Routing\{closure}(Object(Illuminate\Http\Request))
#22 /home/cp385120/public_html/bestplantvn.com/vendor/laravel/framework/src/Illuminate/Pipeline/Pipeline.php(148): Illuminate\Foundation\Http\Middleware\ValidatePostSize->handle(Object(Illuminate\Http\Request), Object(Closure))
#23 /home/cp385120/public_html/bestplantvn.com/vendor/laravel/framework/src/Illuminate/Routing/Pipeline.php(53): Illuminate\Pipeline\Pipeline->Illuminate\Pipeline\{closure}(Object(Illuminate\Http\Request))
#24 /home/cp385120/public_html/bestplantvn.com/vendor/laravel/framework/src/Illuminate/Foundation/Http/Middleware/CheckForMaintenanceMode.php(46): Illuminate\Routing\Pipeline->Illuminate\Routing\{closure}(Object(Illuminate\Http\Request))
#25 /home/cp385120/public_html/bestplantvn.com/vendor/laravel/framework/src/Illuminate/Pipeline/Pipeline.php(148): Illuminate\Foundation\Http\Middleware\CheckForMaintenanceMode->handle(Object(Illuminate\Http\Request), Object(Closure))
#26 /home/cp385120/public_html/bestplantvn.com/vendor/laravel/framework/src/Illuminate/Routing/Pipeline.php(53): Illuminate\Pipeline\Pipeline->Illuminate\Pipeline\{closure}(Object(Illuminate\Http\Request))
#27 /home/cp385120/public_html/bestplantvn.com/vendor/laravel/framework/src/Illuminate/Pipeline/Pipeline.php(102): Illuminate\Routing\Pipeline->Illuminate\Routing\{closure}(Object(Illuminate\Http\Request))
#28 /home/cp385120/public_html/bestplantvn.com/vendor/laravel/framework/src/Illuminate/Foundation/Http/Kernel.php(149): Illuminate\Pipeline\Pipeline->then(Object(Closure))
#29 /home/cp385120/public_html/bestplantvn.com/vendor/laravel/framework/src/Illuminate/Foundation/Http/Kernel.php(116): Illuminate\Foundation\Http\Kernel->sendRequestThroughRouter(Object(Illuminate\Http\Request))
#30 /home/cp385120/public_html/bestplantvn.com/app/Http/Kernel.php(65): Illuminate\Foundation\Http\Kernel->handle(Object(Illuminate\Http\Request))
#31 /home/cp385120/public_html/bestplantvn.com/public/index.php(53): App\Http\Kernel->handle(Object(Illuminate\Http\Request))
#32 {main}  
[2017-06-02 07:35:36] local.ERROR: exception 'ErrorException' with message 'Undefined variable: e' in /home/cp385120/public_html/bestplantvn.com/app/Exceptions/Handler.php:47
Stack trace:
#0 /home/cp385120/public_html/bestplantvn.com/app/Exceptions/Handler.php(47): Illuminate\Foundation\Bootstrap\HandleExceptions->handleError(8, 'Undefined varia...', '/home/cp385120/...', 47, Array)
#1 /home/cp385120/public_html/bestplantvn.com/vendor/laravel/framework/src/Illuminate/Routing/Pipeline.php(82): App\Exceptions\Handler->render(Object(Illuminate\Http\Request), Object(ErrorException))
#2 /home/cp385120/public_html/bestplantvn.com/vendor/laravel/framework/src/Illuminate/Routing/Pipeline.php(55): Illuminate\Routing\Pipeline->handleException(Object(Illuminate\Http\Request), Object(ErrorException))
#3 /home/cp385120/public_html/bestplantvn.com/vendor/laravel/framework/src/Illuminate/Cookie/Middleware/EncryptCookies.php(59): Illuminate\Routing\Pipeline->Illuminate\Routing\{closure}(Object(Illuminate\Http\Request))
#4 /home/cp385120/public_html/bestplantvn.com/vendor/laravel/framework/src/Illuminate/Pipeline/Pipeline.php(148): Illuminate\Cookie\Middleware\EncryptCookies->handle(Object(Illuminate\Http\Request), Object(Closure))
#5 /home/cp385120/public_html/bestplantvn.com/vendor/laravel/framework/src/Illuminate/Routing/Pipeline.php(53): Illuminate\Pipeline\Pipeline->Illuminate\Pipeline\{closure}(Object(Illuminate\Http\Request))
#6 /home/cp385120/public_html/bestplantvn.com/vendor/laravel/framework/src/Illuminate/Pipeline/Pipeline.php(102): Illuminate\Routing\Pipeline->Illuminate\Routing\{closure}(Object(Illuminate\Http\Request))
#7 /home/cp385120/public_html/bestplantvn.com/vendor/laravel/framework/src/Illuminate/Routing/Router.php(561): Illuminate\Pipeline\Pipeline->then(Object(Closure))
#8 /home/cp385120/public_html/bestplantvn.com/vendor/laravel/framework/src/Illuminate/Routing/Router.php(520): Illuminate\Routing\Router->runRouteWithinStack(Object(Illuminate\Routing\Route), Object(Illuminate\Http\Request))
#9 /home/cp385120/public_html/bestplantvn.com/vendor/laravel/framework/src/Illuminate/Routing/Router.php(498): Illuminate\Routing\Router->dispatchToRoute(Object(Illuminate\Http\Request))
#10 /home/cp385120/public_html/bestplantvn.com/vendor/laravel/framework/src/Illuminate/Foundation/Http/Kernel.php(174): Illuminate\Routing\Router->dispatch(Object(Illuminate\Http\Request))
#11 /home/cp385120/public_html/bestplantvn.com/vendor/laravel/framework/src/Illuminate/Routing/Pipeline.php(30): Illuminate\Foundation\Http\Kernel->Illuminate\Foundation\Http\{closure}(Object(Illuminate\Http\Request))
#12 /home/cp385120/public_html/bestplantvn.com/vendor/laravel/framework/src/Illuminate/Foundation/Http/Middleware/TransformsRequest.php(30): Illuminate\Routing\Pipeline->Illuminate\Routing\{closure}(Object(Illuminate\Http\Request))
#13 /home/cp385120/public_html/bestplantvn.com/vendor/laravel/framework/src/Illuminate/Pipeline/Pipeline.php(148): Illuminate\Foundation\Http\Middleware\TransformsRequest->handle(Object(Illuminate\Http\Request), Object(Closure))
#14 /home/cp385120/public_html/bestplantvn.com/vendor/laravel/framework/src/Illuminate/Routing/Pipeline.php(53): Illuminate\Pipeline\Pipeline->Illuminate\Pipeline\{closure}(Object(Illuminate\Http\Request))
#15 /home/cp385120/public_html/bestplantvn.com/vendor/laravel/framework/src/Illuminate/Foundation/Http/Middleware/TransformsRequest.php(30): Illuminate\Routing\Pipeline->Illuminate\Routing\{closure}(Object(Illuminate\Http\Request))
#16 /home/cp385120/public_html/bestplantvn.com/vendor/laravel/framework/src/Illuminate/Pipeline/Pipeline.php(148): Illuminate\Foundation\Http\Middleware\TransformsRequest->handle(Object(Illuminate\Http\Request), Object(Closure))
#17 /home/cp385120/public_html/bestplantvn.com/vendor/laravel/framework/src/Illuminate/Routing/Pipeline.php(53): Illuminate\Pipeline\Pipeline->Illuminate\Pipeline\{closure}(Object(Illuminate\Http\Request))
#18 /home/cp385120/public_html/bestplantvn.com/vendor/laravel/framework/src/Illuminate/Foundation/Http/Middleware/ValidatePostSize.php(27): Illuminate\Routing\Pipeline->Illuminate\Routing\{closure}(Object(Illuminate\Http\Request))
#19 /home/cp385120/public_html/bestplantvn.com/vendor/laravel/framework/src/Illuminate/Pipeline/Pipeline.php(148): Illuminate\Foundation\Http\Middleware\ValidatePostSize->handle(Object(Illuminate\Http\Request), Object(Closure))
#20 /home/cp385120/public_html/bestplantvn.com/vendor/laravel/framework/src/Illuminate/Routing/Pipeline.php(53): Illuminate\Pipeline\Pipeline->Illuminate\Pipeline\{closure}(Object(Illuminate\Http\Request))
#21 /home/cp385120/public_html/bestplantvn.com/vendor/laravel/framework/src/Illuminate/Foundation/Http/Middleware/CheckForMaintenanceMode.php(46): Illuminate\Routing\Pipeline->Illuminate\Routing\{closure}(Object(Illuminate\Http\Request))
#22 /home/cp385120/public_html/bestplantvn.com/vendor/laravel/framework/src/Illuminate/Pipeline/Pipeline.php(148): Illuminate\Foundation\Http\Middleware\CheckForMaintenanceMode->handle(Object(Illuminate\Http\Request), Object(Closure))
#23 /home/cp385120/public_html/bestplantvn.com/vendor/laravel/framework/src/Illuminate/Routing/Pipeline.php(53): Illuminate\Pipeline\Pipeline->Illuminate\Pipeline\{closure}(Object(Illuminate\Http\Request))
#24 /home/cp385120/public_html/bestplantvn.com/vendor/laravel/framework/src/Illuminate/Pipeline/Pipeline.php(102): Illuminate\Routing\Pipeline->Illuminate\Routing\{closure}(Object(Illuminate\Http\Request))
#25 /home/cp385120/public_html/bestplantvn.com/vendor/laravel/framework/src/Illuminate/Foundation/Http/Kernel.php(149): Illuminate\Pipeline\Pipeline->then(Object(Closure))
#26 /home/cp385120/public_html/bestplantvn.com/vendor/laravel/framework/src/Illuminate/Foundation/Http/Kernel.php(116): Illuminate\Foundation\Http\Kernel->sendRequestThroughRouter(Object(Illuminate\Http\Request))
#27 /home/cp385120/public_html/bestplantvn.com/app/Http/Kernel.php(65): Illuminate\Foundation\Http\Kernel->handle(Object(Illuminate\Http\Request))
#28 /home/cp385120/public_html/bestplantvn.com/public/index.php(53): App\Http\Kernel->handle(Object(Illuminate\Http\Request))
#29 {main}  
[2017-06-02 07:35:36] local.ERROR: exception 'ErrorException' with message 'Undefined variable: e' in /home/cp385120/public_html/bestplantvn.com/app/Exceptions/Handler.php:47
Stack trace:
#0 /home/cp385120/public_html/bestplantvn.com/app/Exceptions/Handler.php(47): Illuminate\Foundation\Bootstrap\HandleExceptions->handleError(8, 'Undefined varia...', '/home/cp385120/...', 47, Array)
#1 /home/cp385120/public_html/bestplantvn.com/vendor/laravel/framework/src/Illuminate/Routing/Pipeline.php(82): App\Exceptions\Handler->render(Object(Illuminate\Http\Request), Object(ErrorException))
#2 /home/cp385120/public_html/bestplantvn.com/vendor/laravel/framework/src/Illuminate/Routing/Pipeline.php(55): Illuminate\Routing\Pipeline->handleException(Object(Illuminate\Http\Request), Object(ErrorException))
#3 /home/cp385120/public_html/bestplantvn.com/vendor/laravel/framework/src/Illuminate/Pipeline/Pipeline.php(102): Illuminate\Routing\Pipeline->Illuminate\Routing\{closure}(Object(Illuminate\Http\Request))
#4 /home/cp385120/public_html/bestplantvn.com/vendor/laravel/framework/src/Illuminate/Routing/Router.php(561): Illuminate\Pipeline\Pipeline->then(Object(Closure))
#5 /home/cp385120/public_html/bestplantvn.com/vendor/laravel/framework/src/Illuminate/Routing/Router.php(520): Illuminate\Routing\Router->runRouteWithinStack(Object(Illuminate\Routing\Route), Object(Illuminate\Http\Request))
#6 /home/cp385120/public_html/bestplantvn.com/vendor/laravel/framework/src/Illuminate/Routing/Router.php(498): Illuminate\Routing\Router->dispatchToRoute(Object(Illuminate\Http\Request))
#7 /home/cp385120/public_html/bestplantvn.com/vendor/laravel/framework/src/Illuminate/Foundation/Http/Kernel.php(174): Illuminate\Routing\Router->dispatch(Object(Illuminate\Http\Request))
#8 /home/cp385120/public_html/bestplantvn.com/vendor/laravel/framework/src/Illuminate/Routing/Pipeline.php(30): Illuminate\Foundation\Http\Kernel->Illuminate\Foundation\Http\{closure}(Object(Illuminate\Http\Request))
#9 /home/cp385120/public_html/bestplantvn.com/vendor/laravel/framework/src/Illuminate/Foundation/Http/Middleware/TransformsRequest.php(30): Illuminate\Routing\Pipeline->Illuminate\Routing\{closure}(Object(Illuminate\Http\Request))
#10 /home/cp385120/public_html/bestplantvn.com/vendor/laravel/framework/src/Illuminate/Pipeline/Pipeline.php(148): Illuminate\Foundation\Http\Middleware\TransformsRequest->handle(Object(Illuminate\Http\Request), Object(Closure))
#11 /home/cp385120/public_html/bestplantvn.com/vendor/laravel/framework/src/Illuminate/Routing/Pipeline.php(53): Illuminate\Pipeline\Pipeline->Illuminate\Pipeline\{closure}(Object(Illuminate\Http\Request))
#12 /home/cp385120/public_html/bestplantvn.com/vendor/laravel/framework/src/Illuminate/Foundation/Http/Middleware/TransformsRequest.php(30): Illuminate\Routing\Pipeline->Illuminate\Routing\{closure}(Object(Illuminate\Http\Request))
#13 /home/cp385120/public_html/bestplantvn.com/vendor/laravel/framework/src/Illuminate/Pipeline/Pipeline.php(148): Illuminate\Foundation\Http\Middleware\TransformsRequest->handle(Object(Illuminate\Http\Request), Object(Closure))
#14 /home/cp385120/public_html/bestplantvn.com/vendor/laravel/framework/src/Illuminate/Routing/Pipeline.php(53): Illuminate\Pipeline\Pipeline->Illuminate\Pipeline\{closure}(Object(Illuminate\Http\Request))
#15 /home/cp385120/public_html/bestplantvn.com/vendor/laravel/framework/src/Illuminate/Foundation/Http/Middleware/ValidatePostSize.php(27): Illuminate\Routing\Pipeline->Illuminate\Routing\{closure}(Object(Illuminate\Http\Request))
#16 /home/cp385120/public_html/bestplantvn.com/vendor/laravel/framework/src/Illuminate/Pipeline/Pipeline.php(148): Illuminate\Foundation\Http\Middleware\ValidatePostSize->handle(Object(Illuminate\Http\Request), Object(Closure))
#17 /home/cp385120/public_html/bestplantvn.com/vendor/laravel/framework/src/Illuminate/Routing/Pipeline.php(53): Illuminate\Pipeline\Pipeline->Illuminate\Pipeline\{closure}(Object(Illuminate\Http\Request))
#18 /home/cp385120/public_html/bestplantvn.com/vendor/laravel/framework/src/Illuminate/Foundation/Http/Middleware/CheckForMaintenanceMode.php(46): Illuminate\Routing\Pipeline->Illuminate\Routing\{closure}(Object(Illuminate\Http\Request))
#19 /home/cp385120/public_html/bestplantvn.com/vendor/laravel/framework/src/Illuminate/Pipeline/Pipeline.php(148): Illuminate\Foundation\Http\Middleware\CheckForMaintenanceMode->handle(Object(Illuminate\Http\Request), Object(Closure))
#20 /home/cp385120/public_html/bestplantvn.com/vendor/laravel/framework/src/Illuminate/Routing/Pipeline.php(53): Illuminate\Pipeline\Pipeline->Illuminate\Pipeline\{closure}(Object(Illuminate\Http\Request))
#21 /home/cp385120/public_html/bestplantvn.com/vendor/laravel/framework/src/Illuminate/Pipeline/Pipeline.php(102): Illuminate\Routing\Pipeline->Illuminate\Routing\{closure}(Object(Illuminate\Http\Request))
#22 /home/cp385120/public_html/bestplantvn.com/vendor/laravel/framework/src/Illuminate/Foundation/Http/Kernel.php(149): Illuminate\Pipeline\Pipeline->then(Object(Closure))
#23 /home/cp385120/public_html/bestplantvn.com/vendor/laravel/framework/src/Illuminate/Foundation/Http/Kernel.php(116): Illuminate\Foundation\Http\Kernel->sendRequestThroughRouter(Object(Illuminate\Http\Request))
#24 /home/cp385120/public_html/bestplantvn.com/app/Http/Kernel.php(65): Illuminate\Foundation\Http\Kernel->handle(Object(Illuminate\Http\Request))
#25 /home/cp385120/public_html/bestplantvn.com/public/index.php(53): App\Http\Kernel->handle(Object(Illuminate\Http\Request))
#26 {main}  
[2017-06-02 07:35:36] local.ERROR: exception 'ErrorException' with message 'Undefined variable: e' in /home/cp385120/public_html/bestplantvn.com/app/Exceptions/Handler.php:47
Stack trace:
#0 /home/cp385120/public_html/bestplantvn.com/app/Exceptions/Handler.php(47): Illuminate\Foundation\Bootstrap\HandleExceptions->handleError(8, 'Undefined varia...', '/home/cp385120/...', 47, Array)
#1 /home/cp385120/public_html/bestplantvn.com/vendor/laravel/framework/src/Illuminate/Routing/Pipeline.php(82): App\Exceptions\Handler->render(Object(Illuminate\Http\Request), Object(ErrorException))
#2 /home/cp385120/public_html/bestplantvn.com/vendor/laravel/framework/src/Illuminate/Routing/Pipeline.php(32): Illuminate\Routing\Pipeline->handleException(Object(Illuminate\Http\Request), Object(ErrorException))
#3 /home/cp385120/public_html/bestplantvn.com/vendor/laravel/framework/src/Illuminate/Foundation/Http/Middleware/TransformsRequest.php(30): Illuminate\Routing\Pipeline->Illuminate\Routing\{closure}(Object(Illuminate\Http\Request))
#4 /home/cp385120/public_html/bestplantvn.com/vendor/laravel/framework/src/Illuminate/Pipeline/Pipeline.php(148): Illuminate\Foundation\Http\Middleware\TransformsRequest->handle(Object(Illuminate\Http\Request), Object(Closure))
#5 /home/cp385120/public_html/bestplantvn.com/vendor/laravel/framework/src/Illuminate/Routing/Pipeline.php(53): Illuminate\Pipeline\Pipeline->Illuminate\Pipeline\{closure}(Object(Illuminate\Http\Request))
#6 /home/cp385120/public_html/bestplantvn.com/vendor/laravel/framework/src/Illuminate/Foundation/Http/Middleware/TransformsRequest.php(30): Illuminate\Routing\Pipeline->Illuminate\Routing\{closure}(Object(Illuminate\Http\Request))
#7 /home/cp385120/public_html/bestplantvn.com/vendor/laravel/framework/src/Illuminate/Pipeline/Pipeline.php(148): Illuminate\Foundation\Http\Middleware\TransformsRequest->handle(Object(Illuminate\Http\Request), Object(Closure))
#8 /home/cp385120/public_html/bestplantvn.com/vendor/laravel/framework/src/Illuminate/Routing/Pipeline.php(53): Illuminate\Pipeline\Pipeline->Illuminate\Pipeline\{closure}(Object(Illuminate\Http\Request))
#9 /home/cp385120/public_html/bestplantvn.com/vendor/laravel/framework/src/Illuminate/Foundation/Http/Middleware/ValidatePostSize.php(27): Illuminate\Routing\Pipeline->Illuminate\Routing\{closure}(Object(Illuminate\Http\Request))
#10 /home/cp385120/public_html/bestplantvn.com/vendor/laravel/framework/src/Illuminate/Pipeline/Pipeline.php(148): Illuminate\Foundation\Http\Middleware\ValidatePostSize->handle(Object(Illuminate\Http\Request), Object(Closure))
#11 /home/cp385120/public_html/bestplantvn.com/vendor/laravel/framework/src/Illuminate/Routing/Pipeline.php(53): Illuminate\Pipeline\Pipeline->Illuminate\Pipeline\{closure}(Object(Illuminate\Http\Request))
#12 /home/cp385120/public_html/bestplantvn.com/vendor/laravel/framework/src/Illuminate/Foundation/Http/Middleware/CheckForMaintenanceMode.php(46): Illuminate\Routing\Pipeline->Illuminate\Routing\{closure}(Object(Illuminate\Http\Request))
#13 /home/cp385120/public_html/bestplantvn.com/vendor/laravel/framework/src/Illuminate/Pipeline/Pipeline.php(148): Illuminate\Foundation\Http\Middleware\CheckForMaintenanceMode->handle(Object(Illuminate\Http\Request), Object(Closure))
#14 /home/cp385120/public_html/bestplantvn.com/vendor/laravel/framework/src/Illuminate/Routing/Pipeline.php(53): Illuminate\Pipeline\Pipeline->Illuminate\Pipeline\{closure}(Object(Illuminate\Http\Request))
#15 /home/cp385120/public_html/bestplantvn.com/vendor/laravel/framework/src/Illuminate/Pipeline/Pipeline.php(102): Illuminate\Routing\Pipeline->Illuminate\Routing\{closure}(Object(Illuminate\Http\Request))
#16 /home/cp385120/public_html/bestplantvn.com/vendor/laravel/framework/src/Illuminate/Foundation/Http/Kernel.php(149): Illuminate\Pipeline\Pipeline->then(Object(Closure))
#17 /home/cp385120/public_html/bestplantvn.com/vendor/laravel/framework/src/Illuminate/Foundation/Http/Kernel.php(116): Illuminate\Foundation\Http\Kernel->sendRequestThroughRouter(Object(Illuminate\Http\Request))
#18 /home/cp385120/public_html/bestplantvn.com/app/Http/Kernel.php(65): Illuminate\Foundation\Http\Kernel->handle(Object(Illuminate\Http\Request))
#19 /home/cp385120/public_html/bestplantvn.com/public/index.php(53): App\Http\Kernel->handle(Object(Illuminate\Http\Request))
#20 {main}  
[2017-06-02 07:35:36] local.ERROR: exception 'ErrorException' with message 'Undefined variable: e' in /home/cp385120/public_html/bestplantvn.com/app/Exceptions/Handler.php:47
Stack trace:
#0 /home/cp385120/public_html/bestplantvn.com/app/Exceptions/Handler.php(47): Illuminate\Foundation\Bootstrap\HandleExceptions->handleError(8, 'Undefined varia...', '/home/cp385120/...', 47, Array)
#1 /home/cp385120/public_html/bestplantvn.com/vendor/laravel/framework/src/Illuminate/Routing/Pipeline.php(82): App\Exceptions\Handler->render(Object(Illuminate\Http\Request), Object(ErrorException))
#2 /home/cp385120/public_html/bestplantvn.com/vendor/laravel/framework/src/Illuminate/Routing/Pipeline.php(55): Illuminate\Routing\Pipeline->handleException(Object(Illuminate\Http\Request), Object(ErrorException))
#3 /home/cp385120/public_html/bestplantvn.com/vendor/laravel/framework/src/Illuminate/Foundation/Http/Middleware/TransformsRequest.php(30): Illuminate\Routing\Pipeline->Illuminate\Routing\{closure}(Object(Illuminate\Http\Request))
#4 /home/cp385120/public_html/bestplantvn.com/vendor/laravel/framework/src/Illuminate/Pipeline/Pipeline.php(148): Illuminate\Foundation\Http\Middleware\TransformsRequest->handle(Object(Illuminate\Http\Request), Object(Closure))
#5 /home/cp385120/public_html/bestplantvn.com/vendor/laravel/framework/src/Illuminate/Routing/Pipeline.php(53): Illuminate\Pipeline\Pipeline->Illuminate\Pipeline\{closure}(Object(Illuminate\Http\Request))
#6 /home/cp385120/public_html/bestplantvn.com/vendor/laravel/framework/src/Illuminate/Foundation/Http/Middleware/ValidatePostSize.php(27): Illuminate\Routing\Pipeline->Illuminate\Routing\{closure}(Object(Illuminate\Http\Request))
#7 /home/cp385120/public_html/bestplantvn.com/vendor/laravel/framework/src/Illuminate/Pipeline/Pipeline.php(148): Illuminate\Foundation\Http\Middleware\ValidatePostSize->handle(Object(Illuminate\Http\Request), Object(Closure))
#8 /home/cp385120/public_html/bestplantvn.com/vendor/laravel/framework/src/Illuminate/Routing/Pipeline.php(53): Illuminate\Pipeline\Pipeline->Illuminate\Pipeline\{closure}(Object(Illuminate\Http\Request))
#9 /home/cp385120/public_html/bestplantvn.com/vendor/laravel/framework/src/Illuminate/Foundation/Http/Middleware/CheckForMaintenanceMode.php(46): Illuminate\Routing\Pipeline->Illuminate\Routing\{closure}(Object(Illuminate\Http\Request))
#10 /home/cp385120/public_html/bestplantvn.com/vendor/laravel/framework/src/Illuminate/Pipeline/Pipeline.php(148): Illuminate\Foundation\Http\Middleware\CheckForMaintenanceMode->handle(Object(Illuminate\Http\Request), Object(Closure))
#11 /home/cp385120/public_html/bestplantvn.com/vendor/laravel/framework/src/Illuminate/Routing/Pipeline.php(53): Illuminate\Pipeline\Pipeline->Illuminate\Pipeline\{closure}(Object(Illuminate\Http\Request))
#12 /home/cp385120/public_html/bestplantvn.com/vendor/laravel/framework/src/Illuminate/Pipeline/Pipeline.php(102): Illuminate\Routing\Pipeline->Illuminate\Routing\{closure}(Object(Illuminate\Http\Request))
#13 /home/cp385120/public_html/bestplantvn.com/vendor/laravel/framework/src/Illuminate/Foundation/Http/Kernel.php(149): Illuminate\Pipeline\Pipeline->then(Object(Closure))
#14 /home/cp385120/public_html/bestplantvn.com/vendor/laravel/framework/src/Illuminate/Foundation/Http/Kernel.php(116): Illuminate\Foundation\Http\Kernel->sendRequestThroughRouter(Object(Illuminate\Http\Request))
#15 /home/cp385120/public_html/bestplantvn.com/app/Http/Kernel.php(65): Illuminate\Foundation\Http\Kernel->handle(Object(Illuminate\Http\Request))
#16 /home/cp385120/public_html/bestplantvn.com/public/index.php(53): App\Http\Kernel->handle(Object(Illuminate\Http\Request))
#17 {main}  
[2017-06-02 07:35:36] local.ERROR: exception 'ErrorException' with message 'Undefined variable: e' in /home/cp385120/public_html/bestplantvn.com/app/Exceptions/Handler.php:47
Stack trace:
#0 /home/cp385120/public_html/bestplantvn.com/app/Exceptions/Handler.php(47): Illuminate\Foundation\Bootstrap\HandleExceptions->handleError(8, 'Undefined varia...', '/home/cp385120/...', 47, Array)
#1 /home/cp385120/public_html/bestplantvn.com/vendor/laravel/framework/src/Illuminate/Routing/Pipeline.php(82): App\Exceptions\Handler->render(Object(Illuminate\Http\Request), Object(ErrorException))
#2 /home/cp385120/public_html/bestplantvn.com/vendor/laravel/framework/src/Illuminate/Routing/Pipeline.php(55): Illuminate\Routing\Pipeline->handleException(Object(Illuminate\Http\Request), Object(ErrorException))
#3 /home/cp385120/public_html/bestplantvn.com/vendor/laravel/framework/src/Illuminate/Foundation/Http/Middleware/ValidatePostSize.php(27): Illuminate\Routing\Pipeline->Illuminate\Routing\{closure}(Object(Illuminate\Http\Request))
#4 /home/cp385120/public_html/bestplantvn.com/vendor/laravel/framework/src/Illuminate/Pipeline/Pipeline.php(148): Illuminate\Foundation\Http\Middleware\ValidatePostSize->handle(Object(Illuminate\Http\Request), Object(Closure))
#5 /home/cp385120/public_html/bestplantvn.com/vendor/laravel/framework/src/Illuminate/Routing/Pipeline.php(53): Illuminate\Pipeline\Pipeline->Illuminate\Pipeline\{closure}(Object(Illuminate\Http\Request))
#6 /home/cp385120/public_html/bestplantvn.com/vendor/laravel/framework/src/Illuminate/Foundation/Http/Middleware/CheckForMaintenanceMode.php(46): Illuminate\Routing\Pipeline->Illuminate\Routing\{closure}(Object(Illuminate\Http\Request))
#7 /home/cp385120/public_html/bestplantvn.com/vendor/laravel/framework/src/Illuminate/Pipeline/Pipeline.php(148): Illuminate\Foundation\Http\Middleware\CheckForMaintenanceMode->handle(Object(Illuminate\Http\Request), Object(Closure))
#8 /home/cp385120/public_html/bestplantvn.com/vendor/laravel/framework/src/Illuminate/Routing/Pipeline.php(53): Illuminate\Pipeline\Pipeline->Illuminate\Pipeline\{closure}(Object(Illuminate\Http\Request))
#9 /home/cp385120/public_html/bestplantvn.com/vendor/laravel/framework/src/Illuminate/Pipeline/Pipeline.php(102): Illuminate\Routing\Pipeline->Illuminate\Routing\{closure}(Object(Illuminate\Http\Request))
#10 /home/cp385120/public_html/bestplantvn.com/vendor/laravel/framework/src/Illuminate/Foundation/Http/Kernel.php(149): Illuminate\Pipeline\Pipeline->then(Object(Closure))
#11 /home/cp385120/public_html/bestplantvn.com/vendor/laravel/framework/src/Illuminate/Foundation/Http/Kernel.php(116): Illuminate\Foundation\Http\Kernel->sendRequestThroughRouter(Object(Illuminate\Http\Request))
#12 /home/cp385120/public_html/bestplantvn.com/app/Http/Kernel.php(65): Illuminate\Foundation\Http\Kernel->handle(Object(Illuminate\Http\Request))
#13 /home/cp385120/public_html/bestplantvn.com/public/index.php(53): App\Http\Kernel->handle(Object(Illuminate\Http\Request))
#14 {main}  
[2017-06-02 07:35:36] local.ERROR: exception 'ErrorException' with message 'Undefined variable: e' in /home/cp385120/public_html/bestplantvn.com/app/Exceptions/Handler.php:47
Stack trace:
#0 /home/cp385120/public_html/bestplantvn.com/app/Exceptions/Handler.php(47): Illuminate\Foundation\Bootstrap\HandleExceptions->handleError(8, 'Undefined varia...', '/home/cp385120/...', 47, Array)
#1 /home/cp385120/public_html/bestplantvn.com/vendor/laravel/framework/src/Illuminate/Routing/Pipeline.php(82): App\Exceptions\Handler->render(Object(Illuminate\Http\Request), Object(ErrorException))
#2 /home/cp385120/public_html/bestplantvn.com/vendor/laravel/framework/src/Illuminate/Routing/Pipeline.php(55): Illuminate\Routing\Pipeline->handleException(Object(Illuminate\Http\Request), Object(ErrorException))
#3 /home/cp385120/public_html/bestplantvn.com/vendor/laravel/framework/src/Illuminate/Foundation/Http/Middleware/CheckForMaintenanceMode.php(46): Illuminate\Routing\Pipeline->Illuminate\Routing\{closure}(Object(Illuminate\Http\Request))
#4 /home/cp385120/public_html/bestplantvn.com/vendor/laravel/framework/src/Illuminate/Pipeline/Pipeline.php(148): Illuminate\Foundation\Http\Middleware\CheckForMaintenanceMode->handle(Object(Illuminate\Http\Request), Object(Closure))
#5 /home/cp385120/public_html/bestplantvn.com/vendor/laravel/framework/src/Illuminate/Routing/Pipeline.php(53): Illuminate\Pipeline\Pipeline->Illuminate\Pipeline\{closure}(Object(Illuminate\Http\Request))
#6 /home/cp385120/public_html/bestplantvn.com/vendor/laravel/framework/src/Illuminate/Pipeline/Pipeline.php(102): Illuminate\Routing\Pipeline->Illuminate\Routing\{closure}(Object(Illuminate\Http\Request))
#7 /home/cp385120/public_html/bestplantvn.com/vendor/laravel/framework/src/Illuminate/Foundation/Http/Kernel.php(149): Illuminate\Pipeline\Pipeline->then(Object(Closure))
#8 /home/cp385120/public_html/bestplantvn.com/vendor/laravel/framework/src/Illuminate/Foundation/Http/Kernel.php(116): Illuminate\Foundation\Http\Kernel->sendRequestThroughRouter(Object(Illuminate\Http\Request))
#9 /home/cp385120/public_html/bestplantvn.com/app/Http/Kernel.php(65): Illuminate\Foundation\Http\Kernel->handle(Object(Illuminate\Http\Request))
#10 /home/cp385120/public_html/bestplantvn.com/public/index.php(53): App\Http\Kernel->handle(Object(Illuminate\Http\Request))
#11 {main}  
[2017-06-02 07:35:36] local.ERROR: exception 'ErrorException' with message 'Undefined variable: e' in /home/cp385120/public_html/bestplantvn.com/app/Exceptions/Handler.php:47
Stack trace:
#0 /home/cp385120/public_html/bestplantvn.com/app/Exceptions/Handler.php(47): Illuminate\Foundation\Bootstrap\HandleExceptions->handleError(8, 'Undefined varia...', '/home/cp385120/...', 47, Array)
#1 /home/cp385120/public_html/bestplantvn.com/vendor/laravel/framework/src/Illuminate/Routing/Pipeline.php(82): App\Exceptions\Handler->render(Object(Illuminate\Http\Request), Object(ErrorException))
#2 /home/cp385120/public_html/bestplantvn.com/vendor/laravel/framework/src/Illuminate/Routing/Pipeline.php(55): Illuminate\Routing\Pipeline->handleException(Object(Illuminate\Http\Request), Object(ErrorException))
#3 /home/cp385120/public_html/bestplantvn.com/vendor/laravel/framework/src/Illuminate/Pipeline/Pipeline.php(102): Illuminate\Routing\Pipeline->Illuminate\Routing\{closure}(Object(Illuminate\Http\Request))
#4 /home/cp385120/public_html/bestplantvn.com/vendor/laravel/framework/src/Illuminate/Foundation/Http/Kernel.php(149): Illuminate\Pipeline\Pipeline->then(Object(Closure))
#5 /home/cp385120/public_html/bestplantvn.com/vendor/laravel/framework/src/Illuminate/Foundation/Http/Kernel.php(116): Illuminate\Foundation\Http\Kernel->sendRequestThroughRouter(Object(Illuminate\Http\Request))
#6 /home/cp385120/public_html/bestplantvn.com/app/Http/Kernel.php(65): Illuminate\Foundation\Http\Kernel->handle(Object(Illuminate\Http\Request))
#7 /home/cp385120/public_html/bestplantvn.com/public/index.php(53): App\Http\Kernel->handle(Object(Illuminate\Http\Request))
#8 {main}  
[2017-06-02 07:35:36] local.ERROR: exception 'ErrorException' with message 'Undefined variable: e' in /home/cp385120/public_html/bestplantvn.com/app/Exceptions/Handler.php:47
Stack trace:
#0 /home/cp385120/public_html/bestplantvn.com/app/Exceptions/Handler.php(47): Illuminate\Foundation\Bootstrap\HandleExceptions->handleError(8, 'Undefined varia...', '/home/cp385120/...', 47, Array)
#1 /home/cp385120/public_html/bestplantvn.com/vendor/laravel/framework/src/Illuminate/Foundation/Http/Kernel.php(324): App\Exceptions\Handler->render(Object(Illuminate\Http\Request), Object(ErrorException))
#2 /home/cp385120/public_html/bestplantvn.com/vendor/laravel/framework/src/Illuminate/Foundation/Http/Kernel.php(120): Illuminate\Foundation\Http\Kernel->renderException(Object(Illuminate\Http\Request), Object(ErrorException))
#3 /home/cp385120/public_html/bestplantvn.com/app/Http/Kernel.php(65): Illuminate\Foundation\Http\Kernel->handle(Object(Illuminate\Http\Request))
#4 /home/cp385120/public_html/bestplantvn.com/public/index.php(53): App\Http\Kernel->handle(Object(Illuminate\Http\Request))
#5 {main}  
[2017-06-02 07:35:36] local.ERROR: exception 'Symfony\Component\Debug\Exception\FatalErrorException' with message 'Uncaught exception 'ErrorException' with message 'Undefined variable: e' in /home/cp385120/public_html/bestplantvn.com/app/Exceptions/Handler.php:47
Stack trace:
#0 /home/cp385120/public_html/bestplantvn.com/app/Exceptions/Handler.php(47): Illuminate\Foundation\Bootstrap\HandleExceptions->handleError(8, 'Undefined varia...', '/home/cp385120/...', 47, Array)
#1 /home/cp385120/public_html/bestplantvn.com/vendor/laravel/framework/src/Illuminate/Foundation/Bootstrap/HandleExceptions.php(108): App\Exceptions\Handler->render(Object(Illuminate\Http\Request), Object(ErrorException))
#2 /home/cp385120/public_html/bestplantvn.com/vendor/laravel/framework/src/Illuminate/Foundation/Bootstrap/HandleExceptions.php(85): Illuminate\Foundation\Bootstrap\HandleExceptions->renderHttpResponse(Object(ErrorException))
#3 [internal function]: Illuminate\Foundation\Bootstrap\HandleExceptions->handleException(Object(ErrorException))
#4 {main}
  thrown' in /home/cp385120/public_html/bestplantvn.com/app/Exceptions/Handler.php:47
Stack trace:
#0 {main}  
